#
# There is insufficient memory for the Java Runtime Environment to continue.
# Native memory allocation (mmap) failed to map 65011712 bytes for G1 virtual space
# Possible reasons:
#   The system is out of physical RAM or swap space
#   The process is running with CompressedOops enabled, and the Java Heap may be blocking the growth of the native heap
# Possible solutions:
#   Reduce memory load on the system
#   Increase physical memory or swap space
#   Check if swap backing store is full
#   Decrease Java heap size (-Xmx/-Xms)
#   Decrease number of Java threads
#   Decrease Java thread stack sizes (-Xss)
#   Set larger code cache with -XX:ReservedCodeCacheSize=
#   JVM is running with Unscaled Compressed Oops mode in which the Java heap is
#     placed in the first 4GB address space. The Java Heap base address is the
#     maximum limit for the native heap growth. Please use -XX:HeapBaseMinAddress
#     to set the Java Heap base and to place the Java Heap above 4GB virtual address.
# This output file may be truncated or incomplete.
#
#  Out of Memory Error (os_windows.cpp:3536), pid=24472, tid=24116
#
# JRE version:  (19.0.2+7) (build )
# Java VM: Java HotSpot(TM) 64-Bit Server VM (19.0.2+7-44, mixed mode, sharing, tiered, compressed oops, compressed class ptrs, g1 gc, windows-amd64)
# No core dump will be written. Minidumps are not enabled by default on client versions of Windows
#

---------------  S U M M A R Y ------------

Command Line: -Dfile.encoding=UTF-8 -agentlib:jdwp=transport=dt_shmem,address=javadebug9093 --module-path=C:\Users\Alex\OneDrive\Documentos\NetBeansProjects\JavaApplication1\build\classes javaapplication1.JavaApplication1

Host: Intel(R) Celeron(R) CPU 847 @ 1.10GHz, 2 cores, 3G,  Windows 10 , 64 bit Build 19041 (10.0.19041.2364)
Time: Sun Mar  5 23:41:25 2023 Hora estándar de Argentina elapsed time: 1.495434 seconds (0d 0h 0m 1s)

---------------  T H R E A D  ---------------

Current thread (0x0000020ccfde9540):  JavaThread "Unknown thread" [_thread_in_vm, id=24116, stack(0x000000d8fae00000,0x000000d8faf00000)]

Stack: [0x000000d8fae00000,0x000000d8faf00000]
Native frames: (J=compiled Java code, j=interpreted, Vv=VM code, C=native code)
V  [jvm.dll+0x6ee21a]
V  [jvm.dll+0x85765e]
V  [jvm.dll+0x85904e]
V  [jvm.dll+0x859703]
V  [jvm.dll+0x28298f]
V  [jvm.dll+0x6eb009]
V  [jvm.dll+0x6dfbaa]
V  [jvm.dll+0x3573f6]
V  [jvm.dll+0x35ee56]
V  [jvm.dll+0x3b541e]
V  [jvm.dll+0x3b564f]
V  [jvm.dll+0x32c9ea]
V  [jvm.dll+0x32d89e]
V  [jvm.dll+0x821780]
V  [jvm.dll+0x3c2661]
V  [jvm.dll+0x801f51]
V  [jvm.dll+0x44ae8f]
V  [jvm.dll+0x44c811]
C  [jli.dll+0x5287]
C  [ucrtbase.dll+0x21bb2]
C  [KERNEL32.DLL+0x17614]
C  [ntdll.dll+0x526a1]


---------------  P R O C E S S  ---------------

Threads class SMR info:
_java_thread_list=0x00007ffccbb3d048, length=0, elements={
}

Java Threads: ( => current thread )

Other Threads:
  0x0000020ccfe28c20 WorkerThread "GC Thread#0" [stack: 0x000000d8faf00000,0x000000d8fb000000] [id=25392]
  0x0000020ccfe315c0 ConcurrentGCThread "G1 Main Marker" [stack: 0x000000d8fb000000,0x000000d8fb100000] [id=25396]
  0x0000020ccfe331a0 WorkerThread "G1 Conc#0" [stack: 0x000000d8fb100000,0x000000d8fb200000] [id=25400]

[error occurred during error reporting (printing all threads), id 0xc0000005, EXCEPTION_ACCESS_VIOLATION (0xc0000005) at pc=0x00007ffccb2fd427]

VM state: not at safepoint (not fully initialized)

VM Mutex/Monitor currently owned by a thread:  ([mutex/lock_event])
[0x0000020ccfde3eb0] Heap_lock - owner thread: 0x0000020ccfde9540

Heap address: 0x00000000c2e00000, size: 978 MB, Compressed Oops mode: 32-bit

CDS archive(s) mapped at: [0x0000000000000000-0x0000000000000000-0x0000000000000000), size 0, SharedBaseAddress: 0x0000000800000000, ArchiveRelocationMode: 0.
Narrow klass base: 0x0000000000000000, Narrow klass shift: 0, Narrow klass range: 0x0

GC Precious Log:
 CardTable entry size: 512
 Card Set container configuration: InlinePtr #cards 5 size 8 Array Of Cards #cards 12 size 40 Howl #buckets 4 coarsen threshold 1843 Howl Bitmap #cards 512 size 80 coarsen threshold 460 Card regions per heap region 1 cards per card region 2048

Heap:
 garbage-first heap   total 0K, used 0K [0x00000000c2e00000, 0x0000000100000000)
  region size 1024K, 0 young (0K), 0 survivors (0K)

[error occurred during error reporting (printing heap information), id 0xc0000005, EXCEPTION_ACCESS_VIOLATION (0xc0000005) at pc=0x00007ffccb706649]

GC Heap History (0 events):
No events

Dll operation events (1 events):
Event: 0.406 Loaded shared library C:\Program Files\Java\jdk-19\bin\java.dll

Deoptimization events (0 events):
No events

Classes loaded (0 events):
No events

Classes unloaded (0 events):
No events

Classes redefined (0 events):
No events

Internal exceptions (0 events):
No events

VM Operations (0 events):
No events

Events (0 events):
No events


Dynamic libraries:
0x00007ff7d3f30000 - 0x00007ff7d3f40000 	C:\Program Files\Java\jdk-19\bin\java.exe
0x00007ffce3990000 - 0x00007ffce3b88000 	C:\Windows\SYSTEM32\ntdll.dll
0x00007ffce1c40000 - 0x00007ffce1cff000 	C:\Windows\System32\KERNEL32.DLL
0x00007ffce14d0000 - 0x00007ffce17a2000 	C:\Windows\System32\KERNELBASE.dll
0x00007ffce12c0000 - 0x00007ffce13c0000 	C:\Windows\System32\ucrtbase.dll
0x00007ffcd9680000 - 0x00007ffcd9698000 	C:\Program Files\Java\jdk-19\bin\jli.dll
0x00007ffcdc480000 - 0x00007ffcdc49b000 	C:\Program Files\Java\jdk-19\bin\VCRUNTIME140.dll
0x00007ffce3090000 - 0x00007ffce313e000 	C:\Windows\System32\ADVAPI32.dll
0x00007ffce2f90000 - 0x00007ffce302e000 	C:\Windows\System32\msvcrt.dll
0x00007ffce3410000 - 0x00007ffce34ac000 	C:\Windows\System32\sechost.dll
0x00007ffce19d0000 - 0x00007ffce1af5000 	C:\Windows\System32\RPCRT4.dll
0x00007ffce1d00000 - 0x00007ffce1ea1000 	C:\Windows\System32\USER32.dll
0x00007ffce19a0000 - 0x00007ffce19c2000 	C:\Windows\System32\win32u.dll
0x00007ffce23d0000 - 0x00007ffce23fb000 	C:\Windows\System32\GDI32.dll
0x00007ffce13c0000 - 0x00007ffce14cf000 	C:\Windows\System32\gdi32full.dll
0x00007ffce1120000 - 0x00007ffce11bd000 	C:\Windows\System32\msvcp_win.dll
0x00007ffcca0b0000 - 0x00007ffcca34a000 	C:\Windows\WinSxS\amd64_microsoft.windows.common-controls_6595b64144ccf1df_6.0.19041.1110_none_60b5254171f9507e\COMCTL32.dll
0x00007ffcd0bd0000 - 0x00007ffcd0bda000 	C:\Windows\SYSTEM32\VERSION.dll
0x00007ffce32f0000 - 0x00007ffce3322000 	C:\Windows\System32\IMM32.DLL
0x00007ffcdc530000 - 0x00007ffcdc53c000 	C:\Program Files\Java\jdk-19\bin\vcruntime140_1.dll
0x00007ffcc4250000 - 0x00007ffcc42de000 	C:\Program Files\Java\jdk-19\bin\msvcp140.dll
0x00007ffccafc0000 - 0x00007ffccbc80000 	C:\Program Files\Java\jdk-19\bin\server\jvm.dll
0x00007ffcc7930000 - 0x00007ffcc7957000 	C:\Windows\SYSTEM32\WINMM.dll
0x00007ffcdc540000 - 0x00007ffcdc549000 	C:\Windows\SYSTEM32\WSOCK32.dll
0x00007ffce2f20000 - 0x00007ffce2f8b000 	C:\Windows\System32\WS2_32.dll
0x00007ffcdef20000 - 0x00007ffcdef32000 	C:\Windows\SYSTEM32\kernel.appcore.dll
0x00007ffcdc410000 - 0x00007ffcdc41a000 	C:\Program Files\Java\jdk-19\bin\jimage.dll
0x00007ffcd8f10000 - 0x00007ffcd90f4000 	C:\Windows\SYSTEM32\DBGHELP.DLL
0x00007ffcd8ed0000 - 0x00007ffcd8f05000 	C:\Windows\SYSTEM32\dbgcore.DLL
0x00007ffce1910000 - 0x00007ffce1992000 	C:\Windows\System32\bcryptPrimitives.dll
0x00007ffccf7f0000 - 0x00007ffccf82c000 	C:\Program Files\Java\jdk-19\bin\jdwp.dll
0x00007ffcd9830000 - 0x00007ffcd9856000 	C:\Program Files\Java\jdk-19\bin\java.dll

dbghelp: loaded successfully - version: 4.0.5 - missing functions: none
symbol engine: initialized successfully - sym options: 0x614 - pdb path: .;C:\Program Files\Java\jdk-19\bin;C:\Windows\SYSTEM32;C:\Windows\WinSxS\amd64_microsoft.windows.common-controls_6595b64144ccf1df_6.0.19041.1110_none_60b5254171f9507e;C:\Program Files\Java\jdk-19\bin\server

VM Arguments:
jvm_args: -Dfile.encoding=UTF-8 -agentlib:jdwp=transport=dt_shmem,address=javadebug9093 --module-path=C:\Users\Alex\OneDrive\Documentos\NetBeansProjects\JavaApplication1\build\classes 
java_command: javaapplication1.JavaApplication1
java_class_path (initial): C:\Users\Alex\OneDrive\Documentos\NetBeansProjects\JavaApplication1\build\classes
Launcher Type: SUN_STANDARD

[Global flags]
     intx CICompilerCount                          = 2                                         {product} {ergonomic}
     uint ConcGCThreads                            = 1                                         {product} {ergonomic}
     uint G1ConcRefinementThreads                  = 2                                         {product} {ergonomic}
   size_t G1HeapRegionSize                         = 1048576                                   {product} {ergonomic}
    uintx GCDrainStackTargetSize                   = 64                                        {product} {ergonomic}
   size_t InitialHeapSize                          = 65011712                                  {product} {ergonomic}
   size_t MarkStackSize                            = 4194304                                   {product} {ergonomic}
   size_t MaxHeapSize                              = 1025507328                                {product} {ergonomic}
   size_t MinHeapDeltaBytes                        = 1048576                                   {product} {ergonomic}
   size_t MinHeapSize                              = 8388608                                   {product} {ergonomic}
    uintx NonNMethodCodeHeapSize                   = 5826188                                {pd product} {ergonomic}
    uintx NonProfiledCodeHeapSize                  = 122916026                              {pd product} {ergonomic}
    uintx ProfiledCodeHeapSize                     = 122916026                              {pd product} {ergonomic}
    uintx ReservedCodeCacheSize                    = 251658240                              {pd product} {ergonomic}
     bool SegmentedCodeCache                       = true                                      {product} {ergonomic}
   size_t SoftMaxHeapSize                          = 1025507328                             {manageable} {ergonomic}
     bool UseCompressedClassPointers               = true                           {product lp64_product} {ergonomic}
     bool UseCompressedOops                        = true                           {product lp64_product} {ergonomic}
     bool UseG1GC                                  = true                                      {product} {ergonomic}
     bool UseLargePagesIndividualAllocation        = false                                  {pd product} {ergonomic}

Logging:
Log output configuration:
 #0: stdout all=warning uptime,level,tags foldmultilines=false
 #1: stderr all=off uptime,level,tags foldmultilines=false

Environment Variables:
JAVA_HOME=C:\Program Files\BellSoft\LibericaJDK-19\
PATH=C:\Program Files\Common Files\Oracle\Java\javapath;C:\Program Files (x86)\Common Files\Oracle\Java\javapath;C:\Program Files\OpenJDK\jdk-11.0.16.8-hotspot\bin;C:\Program Files\BellSoft\LibericaJDK-19\bin\;C:\Windows\system32;C:\Windows;C:\Windows\System32\Wbem;C:\Windows\System32\WindowsPowerShell\v1.0\;"C:\Windows\System32\OpenSSH\;C:\Program Files\BellSoft\LibericaJDK-19\bin";C:\Users\Alex\AppData\Local\Microsoft\WindowsApps;
USERNAME=Alex
OS=Windows_NT
PROCESSOR_IDENTIFIER=Intel64 Family 6 Model 42 Stepping 7, GenuineIntel
TMP=C:\Users\Alex\AppData\Local\Temp
TEMP=C:\Users\Alex\AppData\Local\Temp



---------------  S Y S T E M  ---------------

OS:
 Windows 10 , 64 bit Build 19041 (10.0.19041.2364)
OS uptime: 0 days 0:55 hours

CPU: total 2 (initial active 2) (2 cores per cpu, 1 threads per core) family 6 model 42 stepping 7 microcode 0x2f, cx8, cmov, fxsr, mmx, sse, sse2, sse3, ssse3, sse4.1, sse4.2, popcnt, tsc, tscinvbit, clmul, clflush, rdtscp

Memory: 4k page, system-wide physical 3909M (164M free)
TotalPageFile size 15685M (AvailPageFile size 422M)
current process WorkingSet (physical memory assigned to process): 10M, peak: 10M
current process commit charge ("private bytes"): 47M, peak: 109M

vm_info: Java HotSpot(TM) 64-Bit Server VM (19.0.2+7-44) for windows-amd64 JRE (19.0.2+7-44), built on 2022-11-30T18:02:09Z by "mach5one" with MS VC++ 17.1 (VS2022)

END.
