#
# A fatal error has been detected by the Java Runtime Environment:
#
#  EXCEPTION_ACCESS_VIOLATION (0xc0000005) at pc=0x00007ffccb3a25b3, pid=20672, tid=25296
#
# JRE version: Java(TM) SE Runtime Environment (19.0.2+7) (build 19.0.2+7-44)
# Java VM: Java HotSpot(TM) 64-Bit Server VM (19.0.2+7-44, mixed mode, sharing, tiered, compressed oops, compressed class ptrs, g1 gc, windows-amd64)
# Problematic frame:
# V  [jvm.dll+0x3e25b3]
#
# No core dump will be written. Minidumps are not enabled by default on client versions of Windows
#
# If you would like to submit a bug report, please visit:
#   https://bugreport.java.com/bugreport/crash.jsp
#

---------------  S U M M A R Y ------------

Command Line: -Dfile.encoding=UTF-8 -agentlib:jdwp=transport=dt_shmem,address=javadebug7052 --module-path=C:\Users\Alex\OneDrive\Documentos\NetBeansProjects\JavaApplication1\build\classes javaapplication1.JavaApplication1

Host: Intel(R) Celeron(R) CPU 847 @ 1.10GHz, 2 cores, 3G,  Windows 10 , 64 bit Build 19041 (10.0.19041.2364)
Time: Sun Mar  5 23:41:22 2023 Hora estándar de Argentina elapsed time: 17.098183 seconds (0d 0h 0m 17s)

---------------  T H R E A D  ---------------

Current thread (0x000001d65e87aae0):  JavaThread "Reference Handler" daemon [_thread_in_vm, id=25296, stack(0x000000b69ef00000,0x000000b69f000000)]

Stack: [0x000000b69ef00000,0x000000b69f000000],  sp=0x000000b69effee10,  free space=1019k
Native frames: (J=compiled Java code, j=interpreted, Vv=VM code, C=native code)
V  [jvm.dll+0x3e25b3]
V  [jvm.dll+0x6ee142]
V  [jvm.dll+0x3e23fe]
V  [jvm.dll+0x3c5480]
V  [jvm.dll+0x3c8f9f]
V  [jvm.dll+0x3c8ab8]
