#
# There is insufficient memory for the Java Runtime Environment to continue.
# Native memory allocation (malloc) failed to allocate 32744 bytes for Chunk::new
# Possible reasons:
#   The system is out of physical RAM or swap space
#   The process is running with CompressedOops enabled, and the Java Heap may be blocking the growth of the native heap
# Possible solutions:
#   Reduce memory load on the system
#   Increase physical memory or swap space
#   Check if swap backing store is full
#   Decrease Java heap size (-Xmx/-Xms)
#   Decrease number of Java threads
#   Decrease Java thread stack sizes (-Xss)
#   Set larger code cache with -XX:ReservedCodeCacheSize=
#   JVM is running with Unscaled Compressed Oops mode in which the Java heap is
#     placed in the first 4GB address space. The Java Heap base address is the
#     maximum limit for the native heap growth. Please use -XX:HeapBaseMinAddress
#     to set the Java Heap base and to place the Java Heap above 4GB virtual address.
# This output file may be truncated or incomplete.
#
#  Out of Memory Error (arena.cpp:184), pid=22820, tid=25212
#
# JRE version: Java(TM) SE Runtime Environment (19.0.2+7) (build 19.0.2+7-44)
# Java VM: Java HotSpot(TM) 64-Bit Server VM (19.0.2+7-44, mixed mode, sharing, tiered, compressed oops, compressed class ptrs, g1 gc, windows-amd64)
# No core dump will be written. Minidumps are not enabled by default on client versions of Windows
#

---------------  S U M M A R Y ------------

Command Line: -Dfile.encoding=UTF-8 -agentlib:jdwp=transport=dt_shmem,address=javadebug7301 --module-path=C:\Users\Alex\OneDrive\Documentos\NetBeansProjects\JavaApplication1\build\classes javaapplication1.JavaApplication1

Host: Intel(R) Celeron(R) CPU 847 @ 1.10GHz, 2 cores, 3G,  Windows 10 , 64 bit Build 19041 (10.0.19041.2364)
Time: Sun Mar  5 23:41:22 2023 Hora estándar de Argentina elapsed time: 17.019717 seconds (0d 0h 0m 17s)

---------------  T H R E A D  ---------------

Current thread (0x00000259540fbf20):  JavaThread "C1 CompilerThread0" daemon [_thread_in_native, id=25212, stack(0x000000e1cbe00000,0x000000e1cbf00000)]


Current CompileTask:
C1:  17020  131   !   3       java.util.concurrent.ConcurrentHashMap::putVal (432 bytes)

Stack: [0x000000e1cbe00000,0x000000e1cbf00000]
Native frames: (J=compiled Java code, j=interpreted, Vv=VM code, C=native code)
V  [jvm.dll+0x6ee21a]
V  [jvm.dll+0x85765e]
V  [jvm.dll+0x85904e]
V  [jvm.dll+0x859703]
V  [jvm.dll+0x28298f]
V  [jvm.dll+0xc9adf]
V  [jvm.dll+0xc9e65]
V  [jvm.dll+0x1a8d31]
V  [jvm.dll+0x1aba9e]
V  [jvm.dll+0x1ac0a7]
V  [jvm.dll+0x1abf30]
V  [jvm.dll+0x1a4275]
V  [jvm.dll+0x1a32db]
V  [jvm.dll+0x1acb9b]
V  [jvm.dll+0x1a4448]
V  [jvm.dll+0x1a7bdf]
V  [jvm.dll+0x1616d3]
V  [jvm.dll+0x160fb2]
V  [jvm.dll+0x161208]
V  [jvm.dll+0x160666]
V  [jvm.dll+0x16235d]
V  [jvm.dll+0x25b25a]
V  [jvm.dll+0x2596e8]
V  [jvm.dll+0x807588]
V  [jvm.dll+0x80125a]
V  [jvm.dll+0x6ecf0b]
C  [ucrtbase.dll+0x21bb2]
C  [KERNEL32.DLL+0x17614]
C  [ntdll.dll+0x526a1]


---------------  P R O C E S S  ---------------

Threads class SMR info:
_java_thread_list=0x0000025954134f30, length=11, elements={
0x0000025938d1a7a0, 0x0000025938ded130, 0x0000025938dee530, 0x0000025954090740,
0x0000025954093090, 0x00000259540939c0, 0x00000259540942f0, 0x0000025954094f50,
0x00000259540fbf20, 0x00000259540fe4b0, 0x00000259541355a0
}

Java Threads: ( => current thread )
  0x0000025938d1a7a0 JavaThread "main" [_thread_in_native, id=24736, stack(0x000000e1cb000000,0x000000e1cb100000)]
  0x0000025938ded130 JavaThread "Reference Handler" daemon [_thread_blocked, id=25160, stack(0x000000e1cb700000,0x000000e1cb800000)]
  0x0000025938dee530 JavaThread "Finalizer" daemon [_thread_blocked, id=25164, stack(0x000000e1cb800000,0x000000e1cb900000)]
  0x0000025954090740 JavaThread "Signal Dispatcher" daemon [_thread_blocked, id=25168, stack(0x000000e1cb900000,0x000000e1cba00000)]
  0x0000025954093090 JavaThread "Attach Listener" daemon [_thread_blocked, id=25172, stack(0x000000e1cba00000,0x000000e1cbb00000)]
  0x00000259540939c0 JavaThread "Service Thread" daemon [_thread_blocked, id=25176, stack(0x000000e1cbb00000,0x000000e1cbc00000)]
  0x00000259540942f0 JavaThread "Monitor Deflation Thread" daemon [_thread_blocked, id=25180, stack(0x000000e1cbc00000,0x000000e1cbd00000)]
  0x0000025954094f50 JavaThread "C2 CompilerThread0" daemon [_thread_in_native, id=25184, stack(0x000000e1cbd00000,0x000000e1cbe00000)]
=>0x00000259540fbf20 JavaThread "C1 CompilerThread0" daemon [_thread_in_native, id=25212, stack(0x000000e1cbe00000,0x000000e1cbf00000)]
  0x00000259540fe4b0 JavaThread "Sweeper thread" daemon [_thread_blocked, id=25220, stack(0x000000e1cbf00000,0x000000e1cc000000)]
  0x00000259541355a0 JavaThread "Common-Cleaner" daemon [_thread_blocked, id=25232, stack(0x000000e1cc000000,0x000000e1cc100000)]

Other Threads:
  0x0000025938dd2040 VMThread "VM Thread" [stack: 0x000000e1cb600000,0x000000e1cb700000] [id=24916]
  0x0000025938d58e70 WorkerThread "GC Thread#0" [stack: 0x000000e1cb100000,0x000000e1cb200000] [id=24856]
  0x0000025938d61810 ConcurrentGCThread "G1 Main Marker" [stack: 0x000000e1cb200000,0x000000e1cb300000] [id=24860]
  0x0000025938d623e0 WorkerThread "G1 Conc#0" [stack: 0x000000e1cb300000,0x000000e1cb400000] [id=24864]
  0x0000025938dad030 ConcurrentGCThread "G1 Refine#0" [stack: 0x000000e1cb400000,0x000000e1cb500000] [id=24892]
  0x0000025938dadd10 ConcurrentGCThread "G1 Service" [stack: 0x000000e1cb500000,0x000000e1cb600000] [id=24896]

Threads with active compile tasks:
C2 CompilerThread0    19140  115       4       java.util.HashMap::putVal (300 bytes)
C1 CompilerThread0    19140  131   !   3       java.util.concurrent.ConcurrentHashMap::putVal (432 bytes)

VM state: not at safepoint (normal execution)

VM Mutex/Monitor currently owned by a thread: None

Heap address: 0x00000000c2e00000, size: 978 MB, Compressed Oops mode: 32-bit

CDS archive(s) mapped at: [0x0000000800000000-0x0000000800c40000-0x0000000800c40000), size 12845056, SharedBaseAddress: 0x0000000800000000, ArchiveRelocationMode: 0.
Compressed class space mapped at: 0x0000000801000000-0x0000000841000000, reserved size: 1073741824
Narrow klass base: 0x0000000800000000, Narrow klass shift: 0, Narrow klass range: 0x100000000

GC Precious Log:
 CardTable entry size: 512
 Card Set container configuration: InlinePtr #cards 5 size 8 Array Of Cards #cards 12 size 40 Howl #buckets 4 coarsen threshold 1843 Howl Bitmap #cards 512 size 80 coarsen threshold 460 Card regions per heap region 1 cards per card region 2048
 CPUs: 2 total, 2 available
 Memory: 3909M
 Large Page Support: Disabled
 NUMA Support: Disabled
 Compressed Oops: Enabled (32-bit)
 Heap Region Size: 1M
 Heap Min Capacity: 8M
 Heap Initial Capacity: 62M
 Heap Max Capacity: 978M
 Pre-touch: Disabled
 Parallel Workers: 2
 Concurrent Workers: 1
 Concurrent Refinement Workers: 2
 Periodic GC: Disabled

Heap:
 garbage-first heap   total 63488K, used 1024K [0x00000000c2e00000, 0x0000000100000000)
  region size 1024K, 2 young (2048K), 0 survivors (0K)
 Metaspace       used 301K, committed 512K, reserved 1114112K
  class space    used 20K, committed 128K, reserved 1048576K

Heap Regions: E=young(eden), S=young(survivor), O=old, HS=humongous(starts), HC=humongous(continues), CS=collection set, F=free, OA=open archive, CA=closed archive, TAMS=top-at-mark-start (previous, next)
|   0|0x00000000c2e00000, 0x00000000c2e00000, 0x00000000c2f00000|  0%| F|  |TAMS 0x00000000c2e00000, 0x00000000c2e00000| Untracked 
|   1|0x00000000c2f00000, 0x00000000c2f00000, 0x00000000c3000000|  0%| F|  |TAMS 0x00000000c2f00000, 0x00000000c2f00000| Untracked 
|   2|0x00000000c3000000, 0x00000000c3000000, 0x00000000c3100000|  0%| F|  |TAMS 0x00000000c3000000, 0x00000000c3000000| Untracked 
|   3|0x00000000c3100000, 0x00000000c3100000, 0x00000000c3200000|  0%| F|  |TAMS 0x00000000c3100000, 0x00000000c3100000| Untracked 
|   4|0x00000000c3200000, 0x00000000c3200000, 0x00000000c3300000|  0%| F|  |TAMS 0x00000000c3200000, 0x00000000c3200000| Untracked 
|   5|0x00000000c3300000, 0x00000000c3300000, 0x00000000c3400000|  0%| F|  |TAMS 0x00000000c3300000, 0x00000000c3300000| Untracked 
|   6|0x00000000c3400000, 0x00000000c3400000, 0x00000000c3500000|  0%| F|  |TAMS 0x00000000c3400000, 0x00000000c3400000| Untracked 
|   7|0x00000000c3500000, 0x00000000c3500000, 0x00000000c3600000|  0%| F|  |TAMS 0x00000000c3500000, 0x00000000c3500000| Untracked 
|   8|0x00000000c3600000, 0x00000000c3600000, 0x00000000c3700000|  0%| F|  |TAMS 0x00000000c3600000, 0x00000000c3600000| Untracked 
|   9|0x00000000c3700000, 0x00000000c3700000, 0x00000000c3800000|  0%| F|  |TAMS 0x00000000c3700000, 0x00000000c3700000| Untracked 
|  10|0x00000000c3800000, 0x00000000c3800000, 0x00000000c3900000|  0%| F|  |TAMS 0x00000000c3800000, 0x00000000c3800000| Untracked 
|  11|0x00000000c3900000, 0x00000000c3900000, 0x00000000c3a00000|  0%| F|  |TAMS 0x00000000c3900000, 0x00000000c3900000| Untracked 
|  12|0x00000000c3a00000, 0x00000000c3a00000, 0x00000000c3b00000|  0%| F|  |TAMS 0x00000000c3a00000, 0x00000000c3a00000| Untracked 
|  13|0x00000000c3b00000, 0x00000000c3b00000, 0x00000000c3c00000|  0%| F|  |TAMS 0x00000000c3b00000, 0x00000000c3b00000| Untracked 
|  14|0x00000000c3c00000, 0x00000000c3c00000, 0x00000000c3d00000|  0%| F|  |TAMS 0x00000000c3c00000, 0x00000000c3c00000| Untracked 
|  15|0x00000000c3d00000, 0x00000000c3d00000, 0x00000000c3e00000|  0%| F|  |TAMS 0x00000000c3d00000, 0x00000000c3d00000| Untracked 
|  16|0x00000000c3e00000, 0x00000000c3e00000, 0x00000000c3f00000|  0%| F|  |TAMS 0x00000000c3e00000, 0x00000000c3e00000| Untracked 
|  17|0x00000000c3f00000, 0x00000000c3f00000, 0x00000000c4000000|  0%| F|  |TAMS 0x00000000c3f00000, 0x00000000c3f00000| Untracked 
|  18|0x00000000c4000000, 0x00000000c4000000, 0x00000000c4100000|  0%| F|  |TAMS 0x00000000c4000000, 0x00000000c4000000| Untracked 
|  19|0x00000000c4100000, 0x00000000c4100000, 0x00000000c4200000|  0%| F|  |TAMS 0x00000000c4100000, 0x00000000c4100000| Untracked 
|  20|0x00000000c4200000, 0x00000000c4200000, 0x00000000c4300000|  0%| F|  |TAMS 0x00000000c4200000, 0x00000000c4200000| Untracked 
|  21|0x00000000c4300000, 0x00000000c4300000, 0x00000000c4400000|  0%| F|  |TAMS 0x00000000c4300000, 0x00000000c4300000| Untracked 
|  22|0x00000000c4400000, 0x00000000c4400000, 0x00000000c4500000|  0%| F|  |TAMS 0x00000000c4400000, 0x00000000c4400000| Untracked 
|  23|0x00000000c4500000, 0x00000000c4500000, 0x00000000c4600000|  0%| F|  |TAMS 0x00000000c4500000, 0x00000000c4500000| Untracked 
|  24|0x00000000c4600000, 0x00000000c4600000, 0x00000000c4700000|  0%| F|  |TAMS 0x00000000c4600000, 0x00000000c4600000| Untracked 
|  25|0x00000000c4700000, 0x00000000c4700000, 0x00000000c4800000|  0%| F|  |TAMS 0x00000000c4700000, 0x00000000c4700000| Untracked 
|  26|0x00000000c4800000, 0x00000000c4800000, 0x00000000c4900000|  0%| F|  |TAMS 0x00000000c4800000, 0x00000000c4800000| Untracked 
|  27|0x00000000c4900000, 0x00000000c4900000, 0x00000000c4a00000|  0%| F|  |TAMS 0x00000000c4900000, 0x00000000c4900000| Untracked 
|  28|0x00000000c4a00000, 0x00000000c4a00000, 0x00000000c4b00000|  0%| F|  |TAMS 0x00000000c4a00000, 0x00000000c4a00000| Untracked 
|  29|0x00000000c4b00000, 0x00000000c4b00000, 0x00000000c4c00000|  0%| F|  |TAMS 0x00000000c4b00000, 0x00000000c4b00000| Untracked 
|  30|0x00000000c4c00000, 0x00000000c4c00000, 0x00000000c4d00000|  0%| F|  |TAMS 0x00000000c4c00000, 0x00000000c4c00000| Untracked 
|  31|0x00000000c4d00000, 0x00000000c4d00000, 0x00000000c4e00000|  0%| F|  |TAMS 0x00000000c4d00000, 0x00000000c4d00000| Untracked 
|  32|0x00000000c4e00000, 0x00000000c4e00000, 0x00000000c4f00000|  0%| F|  |TAMS 0x00000000c4e00000, 0x00000000c4e00000| Untracked 
|  33|0x00000000c4f00000, 0x00000000c4f00000, 0x00000000c5000000|  0%| F|  |TAMS 0x00000000c4f00000, 0x00000000c4f00000| Untracked 
|  34|0x00000000c5000000, 0x00000000c5000000, 0x00000000c5100000|  0%| F|  |TAMS 0x00000000c5000000, 0x00000000c5000000| Untracked 
|  35|0x00000000c5100000, 0x00000000c5100000, 0x00000000c5200000|  0%| F|  |TAMS 0x00000000c5100000, 0x00000000c5100000| Untracked 
|  36|0x00000000c5200000, 0x00000000c5200000, 0x00000000c5300000|  0%| F|  |TAMS 0x00000000c5200000, 0x00000000c5200000| Untracked 
|  37|0x00000000c5300000, 0x00000000c5300000, 0x00000000c5400000|  0%| F|  |TAMS 0x00000000c5300000, 0x00000000c5300000| Untracked 
|  38|0x00000000c5400000, 0x00000000c5400000, 0x00000000c5500000|  0%| F|  |TAMS 0x00000000c5400000, 0x00000000c5400000| Untracked 
|  39|0x00000000c5500000, 0x00000000c5500000, 0x00000000c5600000|  0%| F|  |TAMS 0x00000000c5500000, 0x00000000c5500000| Untracked 
|  40|0x00000000c5600000, 0x00000000c5600000, 0x00000000c5700000|  0%| F|  |TAMS 0x00000000c5600000, 0x00000000c5600000| Untracked 
|  41|0x00000000c5700000, 0x00000000c5700000, 0x00000000c5800000|  0%| F|  |TAMS 0x00000000c5700000, 0x00000000c5700000| Untracked 
|  42|0x00000000c5800000, 0x00000000c5800000, 0x00000000c5900000|  0%| F|  |TAMS 0x00000000c5800000, 0x00000000c5800000| Untracked 
|  43|0x00000000c5900000, 0x00000000c5900000, 0x00000000c5a00000|  0%| F|  |TAMS 0x00000000c5900000, 0x00000000c5900000| Untracked 
|  44|0x00000000c5a00000, 0x00000000c5a00000, 0x00000000c5b00000|  0%| F|  |TAMS 0x00000000c5a00000, 0x00000000c5a00000| Untracked 
|  45|0x00000000c5b00000, 0x00000000c5b00000, 0x00000000c5c00000|  0%| F|  |TAMS 0x00000000c5b00000, 0x00000000c5b00000| Untracked 
|  46|0x00000000c5c00000, 0x00000000c5c00000, 0x00000000c5d00000|  0%| F|  |TAMS 0x00000000c5c00000, 0x00000000c5c00000| Untracked 
|  47|0x00000000c5d00000, 0x00000000c5d00000, 0x00000000c5e00000|  0%| F|  |TAMS 0x00000000c5d00000, 0x00000000c5d00000| Untracked 
|  48|0x00000000c5e00000, 0x00000000c5e00000, 0x00000000c5f00000|  0%| F|  |TAMS 0x00000000c5e00000, 0x00000000c5e00000| Untracked 
|  49|0x00000000c5f00000, 0x00000000c5f00000, 0x00000000c6000000|  0%| F|  |TAMS 0x00000000c5f00000, 0x00000000c5f00000| Untracked 
|  50|0x00000000c6000000, 0x00000000c6000000, 0x00000000c6100000|  0%| F|  |TAMS 0x00000000c6000000, 0x00000000c6000000| Untracked 
|  51|0x00000000c6100000, 0x00000000c6100000, 0x00000000c6200000|  0%| F|  |TAMS 0x00000000c6100000, 0x00000000c6100000| Untracked 
|  52|0x00000000c6200000, 0x00000000c6200000, 0x00000000c6300000|  0%| F|  |TAMS 0x00000000c6200000, 0x00000000c6200000| Untracked 
|  53|0x00000000c6300000, 0x00000000c6300000, 0x00000000c6400000|  0%| F|  |TAMS 0x00000000c6300000, 0x00000000c6300000| Untracked 
|  54|0x00000000c6400000, 0x00000000c6400000, 0x00000000c6500000|  0%| F|  |TAMS 0x00000000c6400000, 0x00000000c6400000| Untracked 
|  55|0x00000000c6500000, 0x00000000c6500000, 0x00000000c6600000|  0%| F|  |TAMS 0x00000000c6500000, 0x00000000c6500000| Untracked 
|  56|0x00000000c6600000, 0x00000000c6600000, 0x00000000c6700000|  0%| F|  |TAMS 0x00000000c6600000, 0x00000000c6600000| Untracked 
|  57|0x00000000c6700000, 0x00000000c6700000, 0x00000000c6800000|  0%| F|  |TAMS 0x00000000c6700000, 0x00000000c6700000| Untracked 
|  58|0x00000000c6800000, 0x00000000c6800000, 0x00000000c6900000|  0%| F|  |TAMS 0x00000000c6800000, 0x00000000c6800000| Untracked 
|  59|0x00000000c6900000, 0x00000000c6900000, 0x00000000c6a00000|  0%| F|  |TAMS 0x00000000c6900000, 0x00000000c6900000| Untracked 
|  60|0x00000000c6a00000, 0x00000000c6a9a420, 0x00000000c6b00000| 60%| E|  |TAMS 0x00000000c6a00000, 0x00000000c6a00000| Complete 
|  61|0x00000000c6b00000, 0x00000000c6c00000, 0x00000000c6c00000|100%| E|CS|TAMS 0x00000000c6b00000, 0x00000000c6b00000| Complete 

Card table byte_map: [0x0000025938ae0000,0x0000025938cd0000] _byte_map_base: 0x00000259384c9000

Marking Bits (Prev, Next): (CMBitMap*) 0x0000025938d594a0, (CMBitMap*) 0x0000025938d594e0
 Prev Bits: [0x000002594fe80000, 0x0000025950dc8000)
 Next Bits: [0x0000025950dd0000, 0x0000025951d18000)

Polling page: 0x0000025936c10000

Metaspace:

Usage:
  Non-class:    281.12 KB used.
      Class:     20.66 KB used.
       Both:    301.78 KB used.

Virtual space:
  Non-class space:       64.00 MB reserved,     384.00 KB ( <1%) committed,  1 nodes.
      Class space:        1.00 GB reserved,     128.00 KB ( <1%) committed,  1 nodes.
             Both:        1.06 GB reserved,     512.00 KB ( <1%) committed. 

Chunk freelists:
   Non-Class:  4.00 MB
       Class:  3.75 MB
        Both:  7.74 MB

MaxMetaspaceSize: unlimited
CompressedClassSpaceSize: 1.00 GB
Initial GC threshold: 21.00 MB
Current GC threshold: 21.00 MB
CDS: on
MetaspaceReclaimPolicy: balanced
 - commit_granule_bytes: 65536.
 - commit_granule_words: 8192.
 - virtual_space_node_default_size: 8388608.
 - enlarge_chunks_in_place: 1.
 - new_chunks_are_fully_committed: 0.
 - uncommit_free_chunks: 1.
 - use_allocation_guard: 0.


Internal statistics:

num_allocs_failed_limit: 0.
num_arena_births: 6.
num_arena_deaths: 0.
num_vsnodes_births: 2.
num_vsnodes_deaths: 0.
num_space_committed: 8.
num_space_uncommitted: 0.
num_chunks_returned_to_freelist: 0.
num_chunks_taken_from_freelist: 7.
num_chunk_merges: 0.
num_chunk_splits: 4.
num_chunks_enlarged: 2.
num_inconsistent_stats: 0.

CodeHeap 'non-profiled nmethods': size=120064Kb used=49Kb max_used=49Kb free=120014Kb
 bounds [0x0000025948750000, 0x00000259489c0000, 0x000002594fc90000]
CodeHeap 'profiled nmethods': size=120000Kb used=105Kb max_used=105Kb free=119895Kb
 bounds [0x0000025940c90000, 0x0000025940f00000, 0x00000259481c0000]
CodeHeap 'non-nmethods': size=5696Kb used=1244Kb max_used=1257Kb free=4451Kb
 bounds [0x00000259481c0000, 0x0000025948430000, 0x0000025948750000]
 total_blobs=501 nmethods=128 adapters=285
 compilation: enabled
              stopped_count=0, restarted_count=0
 full_count=0

Compilation events (20 events):
Event: 15.580 Thread 0x00000259540fbf20 nmethod 121 0x0000025940ca8210 code [0x0000025940ca83c0, 0x0000025940ca85d8]
Event: 15.580 Thread 0x00000259540fbf20  122       3       java.util.Objects::equals (23 bytes)
Event: 15.581 Thread 0x00000259540fbf20 nmethod 122 0x0000025940ca8710 code [0x0000025940ca88c0, 0x0000025940ca8b48]
Event: 15.585 Thread 0x00000259540fbf20  123       1       java.util.KeyValueHolder::getKey (5 bytes)
Event: 15.585 Thread 0x00000259540fbf20 nmethod 123 0x000002594875b590 code [0x000002594875b720, 0x000002594875b7d8]
Event: 15.585 Thread 0x00000259540fbf20  124       1       java.util.KeyValueHolder::getValue (5 bytes)
Event: 15.585 Thread 0x00000259540fbf20 nmethod 124 0x000002594875b890 code [0x000002594875ba20, 0x000002594875bad8]
Event: 15.586 Thread 0x00000259540fbf20  125       3       java.util.ImmutableCollections$MapN::probe (60 bytes)
Event: 15.588 Thread 0x00000259540fbf20 nmethod 125 0x0000025940ca8c10 code [0x0000025940ca8e00, 0x0000025940ca9358]
Event: 15.588 Thread 0x00000259540fbf20  126       3       java.util.Optional::<init> (10 bytes)
Event: 15.588 Thread 0x00000259540fbf20 nmethod 126 0x0000025940ca9590 code [0x0000025940ca9740, 0x0000025940ca98f8]
Event: 15.589 Thread 0x00000259540fbf20  127       3       java.util.ImmutableCollections$Set12::iterator (9 bytes)
Event: 15.589 Thread 0x00000259540fbf20 nmethod 127 0x0000025940ca9990 code [0x0000025940ca9b40, 0x0000025940ca9e38]
Event: 15.590 Thread 0x00000259540fbf20  128       3       java.util.ImmutableCollections$Set12$1::<init> (32 bytes)
Event: 15.590 Thread 0x00000259540fbf20 nmethod 128 0x0000025940ca9f10 code [0x0000025940caa0c0, 0x0000025940caa2f8]
Event: 15.591 Thread 0x00000259540fbf20  129       1       java.lang.module.ModuleDescriptor::packages (5 bytes)
Event: 15.591 Thread 0x00000259540fbf20 nmethod 129 0x000002594875bb90 code [0x000002594875bd20, 0x000002594875bdd8]
Event: 15.591 Thread 0x00000259540fbf20  130       1       java.lang.module.ResolvedModule::reference (5 bytes)
Event: 15.591 Thread 0x00000259540fbf20 nmethod 130 0x000002594875be90 code [0x000002594875c020, 0x000002594875c0d8]
Event: 15.592 Thread 0x00000259540fbf20  131   !   3       java.util.concurrent.ConcurrentHashMap::putVal (432 bytes)

GC Heap History (0 events):
No events

Dll operation events (4 events):
Event: 1.828 Loaded shared library C:\Program Files\Java\jdk-19\bin\java.dll
Event: 2.816 Loaded shared library C:\Program Files\Java\jdk-19\bin\jsvml.dll
Event: 7.394 Loaded shared library C:\Program Files\Java\jdk-19\bin\net.dll
Event: 7.408 Loaded shared library C:\Program Files\Java\jdk-19\bin\nio.dll

Deoptimization events (0 events):
No events

Classes loaded (20 events):
Event: 7.492 Loading class java/nio/file/NoSuchFileException
Event: 7.492 Loading class java/nio/file/FileSystemException
Event: 7.492 Loading class java/io/IOException
Event: 7.493 Loading class java/io/IOException done
Event: 7.493 Loading class java/nio/file/FileSystemException done
Event: 7.493 Loading class java/nio/file/NoSuchFileException done
Event: 7.493 Loading class java/nio/file/Files$AcceptAllFilter
Event: 7.493 Loading class java/nio/file/DirectoryStream$Filter
Event: 7.493 Loading class java/nio/file/DirectoryStream$Filter done
Event: 7.493 Loading class java/nio/file/Files$AcceptAllFilter done
Event: 7.494 Loading class sun/nio/fs/WindowsDirectoryStream$WindowsDirectoryIterator
Event: 7.494 Loading class sun/nio/fs/WindowsDirectoryStream$WindowsDirectoryIterator done
Event: 9.942 Loading class sun/nio/fs/WindowsPath$WindowsPathWithAttributes
Event: 9.942 Loading class sun/nio/fs/BasicFileAttributesHolder
Event: 9.943 Loading class sun/nio/fs/BasicFileAttributesHolder done
Event: 9.943 Loading class sun/nio/fs/WindowsPath$WindowsPathWithAttributes done
Event: 11.713 Loading class java/nio/file/attribute/FileAttribute
Event: 11.713 Loading class java/nio/file/attribute/FileAttribute done
Event: 11.713 Loading class sun/nio/fs/WindowsSecurityDescriptor
Event: 11.713 Loading class sun/nio/fs/WindowsSecurityDescriptor done

Classes unloaded (0 events):
No events

Classes redefined (0 events):
No events

Internal exceptions (3 events):
Event: 7.491 Thread 0x0000025938d1a7a0 Exception <a 'sun/nio/fs/WindowsException'{0x00000000c6a00920}> (0x00000000c6a00920) 
thrown [s\open\src\hotspot\share\prims\jni.cpp, line 517]
Event: 7.492 Thread 0x0000025938d1a7a0 Exception <a 'sun/nio/fs/WindowsException'{0x00000000c6a00ea8}> (0x00000000c6a00ea8) 
thrown [s\open\src\hotspot\share\prims\jni.cpp, line 517]
Event: 11.714 Thread 0x0000025938d1a7a0 Exception <a 'sun/nio/fs/WindowsException'{0x00000000c6a033d0}> (0x00000000c6a033d0) 
thrown [s\open\src\hotspot\share\prims\jni.cpp, line 517]

VM Operations (0 events):
No events

Events (11 events):
Event: 2.817 Thread 0x0000025938d1a7a0 Thread added: 0x0000025938d1a7a0
Event: 4.409 Thread 0x0000025938ded130 Thread added: 0x0000025938ded130
Event: 4.410 Thread 0x0000025938dee530 Thread added: 0x0000025938dee530
Event: 4.411 Thread 0x0000025954090740 Thread added: 0x0000025954090740
Event: 4.411 Thread 0x0000025954093090 Thread added: 0x0000025954093090
Event: 4.411 Thread 0x00000259540939c0 Thread added: 0x00000259540939c0
Event: 4.412 Thread 0x00000259540942f0 Thread added: 0x00000259540942f0
Event: 4.412 Thread 0x0000025954094f50 Thread added: 0x0000025954094f50
Event: 4.492 Thread 0x00000259540fbf20 Thread added: 0x00000259540fbf20
Event: 4.512 Thread 0x00000259540fe4b0 Thread added: 0x00000259540fe4b0
Event: 4.681 Thread 0x00000259541355a0 Thread added: 0x00000259541355a0


Dynamic libraries:
0x00007ff7d3f30000 - 0x00007ff7d3f40000 	C:\Program Files\Java\jdk-19\bin\java.exe
0x00007ffce3990000 - 0x00007ffce3b88000 	C:\Windows\SYSTEM32\ntdll.dll
0x00007ffce1c40000 - 0x00007ffce1cff000 	C:\Windows\System32\KERNEL32.DLL
0x00007ffce14d0000 - 0x00007ffce17a2000 	C:\Windows\System32\KERNELBASE.dll
0x00007ffcd9680000 - 0x00007ffcd9698000 	C:\Program Files\Java\jdk-19\bin\jli.dll
0x00007ffcdc480000 - 0x00007ffcdc49b000 	C:\Program Files\Java\jdk-19\bin\VCRUNTIME140.dll
0x00007ffce12c0000 - 0x00007ffce13c0000 	C:\Windows\System32\ucrtbase.dll
0x00007ffce3090000 - 0x00007ffce313e000 	C:\Windows\System32\ADVAPI32.dll
0x00007ffce2f90000 - 0x00007ffce302e000 	C:\Windows\System32\msvcrt.dll
0x00007ffce3410000 - 0x00007ffce34ac000 	C:\Windows\System32\sechost.dll
0x00007ffce19d0000 - 0x00007ffce1af5000 	C:\Windows\System32\RPCRT4.dll
0x00007ffce1d00000 - 0x00007ffce1ea1000 	C:\Windows\System32\USER32.dll
0x00007ffce19a0000 - 0x00007ffce19c2000 	C:\Windows\System32\win32u.dll
0x00007ffce23d0000 - 0x00007ffce23fb000 	C:\Windows\System32\GDI32.dll
0x00007ffce13c0000 - 0x00007ffce14cf000 	C:\Windows\System32\gdi32full.dll
0x00007ffce1120000 - 0x00007ffce11bd000 	C:\Windows\System32\msvcp_win.dll
0x00007ffcca0b0000 - 0x00007ffcca34a000 	C:\Windows\WinSxS\amd64_microsoft.windows.common-controls_6595b64144ccf1df_6.0.19041.1110_none_60b5254171f9507e\COMCTL32.dll
0x00007ffcd0bd0000 - 0x00007ffcd0bda000 	C:\Windows\SYSTEM32\VERSION.dll
0x00007ffce32f0000 - 0x00007ffce3322000 	C:\Windows\System32\IMM32.DLL
0x00007ffcdc530000 - 0x00007ffcdc53c000 	C:\Program Files\Java\jdk-19\bin\vcruntime140_1.dll
0x00007ffcc4250000 - 0x00007ffcc42de000 	C:\Program Files\Java\jdk-19\bin\msvcp140.dll
0x00007ffccafc0000 - 0x00007ffccbc80000 	C:\Program Files\Java\jdk-19\bin\server\jvm.dll
0x00007ffcdc540000 - 0x00007ffcdc549000 	C:\Windows\SYSTEM32\WSOCK32.dll
0x00007ffce2f20000 - 0x00007ffce2f8b000 	C:\Windows\System32\WS2_32.dll
0x00007ffcc7930000 - 0x00007ffcc7957000 	C:\Windows\SYSTEM32\WINMM.dll
0x00007ffcdef20000 - 0x00007ffcdef32000 	C:\Windows\SYSTEM32\kernel.appcore.dll
0x00007ffcdc410000 - 0x00007ffcdc41a000 	C:\Program Files\Java\jdk-19\bin\jimage.dll
0x00007ffcd8f10000 - 0x00007ffcd90f4000 	C:\Windows\SYSTEM32\DBGHELP.DLL
0x00007ffcd8ed0000 - 0x00007ffcd8f05000 	C:\Windows\SYSTEM32\dbgcore.DLL
0x00007ffce1910000 - 0x00007ffce1992000 	C:\Windows\System32\bcryptPrimitives.dll
0x00007ffccf7f0000 - 0x00007ffccf82c000 	C:\Program Files\Java\jdk-19\bin\jdwp.dll
0x00007ffcd9830000 - 0x00007ffcd9856000 	C:\Program Files\Java\jdk-19\bin\java.dll
0x00007ffccaea0000 - 0x00007ffccaf77000 	C:\Program Files\Java\jdk-19\bin\jsvml.dll
0x00007ffce25f0000 - 0x00007ffce2d34000 	C:\Windows\System32\SHELL32.dll
0x00007ffcdf120000 - 0x00007ffcdf8b2000 	C:\Windows\SYSTEM32\windows.storage.dll
0x00007ffce2070000 - 0x00007ffce23c5000 	C:\Windows\System32\combase.dll
0x00007ffce0a00000 - 0x00007ffce0a30000 	C:\Windows\SYSTEM32\Wldp.dll
0x00007ffce1b00000 - 0x00007ffce1bad000 	C:\Windows\System32\SHCORE.dll
0x00007ffce2010000 - 0x00007ffce2065000 	C:\Windows\System32\shlwapi.dll
0x00007ffce0fc0000 - 0x00007ffce0fdf000 	C:\Windows\SYSTEM32\profapi.dll
0x00007ffcd3f40000 - 0x00007ffcd3f53000 	C:\Program Files\Java\jdk-19\bin\net.dll
0x00007ffcd4e40000 - 0x00007ffcd4f4c000 	C:\Windows\SYSTEM32\WINHTTP.dll
0x00007ffce0760000 - 0x00007ffce07ca000 	C:\Windows\system32\mswsock.dll
0x00007ffcd3df0000 - 0x00007ffcd3e06000 	C:\Program Files\Java\jdk-19\bin\nio.dll
0x00007ffcd96a0000 - 0x00007ffcd96ab000 	C:\Program Files\Java\jdk-19\bin\dt_shmem.dll

dbghelp: loaded successfully - version: 4.0.5 - missing functions: none
symbol engine: initialized successfully - sym options: 0x614 - pdb path: .;C:\Program Files\Java\jdk-19\bin;C:\Windows\SYSTEM32;C:\Windows\WinSxS\amd64_microsoft.windows.common-controls_6595b64144ccf1df_6.0.19041.1110_none_60b5254171f9507e;C:\Program Files\Java\jdk-19\bin\server

VM Arguments:
jvm_args: -Dfile.encoding=UTF-8 -agentlib:jdwp=transport=dt_shmem,address=javadebug7301 --module-path=C:\Users\Alex\OneDrive\Documentos\NetBeansProjects\JavaApplication1\build\classes 
java_command: javaapplication1.JavaApplication1
java_class_path (initial): C:\Users\Alex\OneDrive\Documentos\NetBeansProjects\JavaApplication1\build\classes
Launcher Type: SUN_STANDARD

[Global flags]
     intx CICompilerCount                          = 2                                         {product} {ergonomic}
     uint ConcGCThreads                            = 1                                         {product} {ergonomic}
     uint G1ConcRefinementThreads                  = 2                                         {product} {ergonomic}
   size_t G1HeapRegionSize                         = 1048576                                   {product} {ergonomic}
    uintx GCDrainStackTargetSize                   = 64                                        {product} {ergonomic}
   size_t InitialHeapSize                          = 65011712                                  {product} {ergonomic}
   size_t MarkStackSize                            = 4194304                                   {product} {ergonomic}
   size_t MaxHeapSize                              = 1025507328                                {product} {ergonomic}
   size_t MaxNewSize                               = 614465536                                 {product} {ergonomic}
   size_t MinHeapDeltaBytes                        = 1048576                                   {product} {ergonomic}
   size_t MinHeapSize                              = 8388608                                   {product} {ergonomic}
    uintx NonNMethodCodeHeapSize                   = 5826188                                {pd product} {ergonomic}
    uintx NonProfiledCodeHeapSize                  = 122916026                              {pd product} {ergonomic}
    uintx ProfiledCodeHeapSize                     = 122916026                              {pd product} {ergonomic}
    uintx ReservedCodeCacheSize                    = 251658240                              {pd product} {ergonomic}
     bool SegmentedCodeCache                       = true                                      {product} {ergonomic}
   size_t SoftMaxHeapSize                          = 1025507328                             {manageable} {ergonomic}
     bool UseCompressedClassPointers               = true                           {product lp64_product} {ergonomic}
     bool UseCompressedOops                        = true                           {product lp64_product} {ergonomic}
     bool UseG1GC                                  = true                                      {product} {ergonomic}
     bool UseLargePagesIndividualAllocation        = false                                  {pd product} {ergonomic}

Logging:
Log output configuration:
 #0: stdout all=warning uptime,level,tags foldmultilines=false
 #1: stderr all=off uptime,level,tags foldmultilines=false

Environment Variables:
JAVA_HOME=C:\Program Files\BellSoft\LibericaJDK-19\
PATH=C:\Program Files\Common Files\Oracle\Java\javapath;C:\Program Files (x86)\Common Files\Oracle\Java\javapath;C:\Program Files\OpenJDK\jdk-11.0.16.8-hotspot\bin;C:\Program Files\BellSoft\LibericaJDK-19\bin\;C:\Windows\system32;C:\Windows;C:\Windows\System32\Wbem;C:\Windows\System32\WindowsPowerShell\v1.0\;"C:\Windows\System32\OpenSSH\;C:\Program Files\BellSoft\LibericaJDK-19\bin";C:\Users\Alex\AppData\Local\Microsoft\WindowsApps;
USERNAME=Alex
OS=Windows_NT
PROCESSOR_IDENTIFIER=Intel64 Family 6 Model 42 Stepping 7, GenuineIntel
TMP=C:\Users\Alex\AppData\Local\Temp
TEMP=C:\Users\Alex\AppData\Local\Temp



---------------  S Y S T E M  ---------------

OS:
 Windows 10 , 64 bit Build 19041 (10.0.19041.2364)
OS uptime: 0 days 0:55 hours

CPU: total 2 (initial active 2) (2 cores per cpu, 1 threads per core) family 6 model 42 stepping 7 microcode 0x2f, cx8, cmov, fxsr, mmx, sse, sse2, sse3, ssse3, sse4.1, sse4.2, popcnt, tsc, tscinvbit, clmul, clflush, rdtscp

Memory: 4k page, system-wide physical 3909M (134M free)
TotalPageFile size 15685M (AvailPageFile size 636M)
current process WorkingSet (physical memory assigned to process): 31M, peak: 31M
current process commit charge ("private bytes"): 130M, peak: 130M

vm_info: Java HotSpot(TM) 64-Bit Server VM (19.0.2+7-44) for windows-amd64 JRE (19.0.2+7-44), built on 2022-11-30T18:02:09Z by "mach5one" with MS VC++ 17.1 (VS2022)

END.
