#
# A fatal error has been detected by the Java Runtime Environment:
#
#  EXCEPTION_ACCESS_VIOLATION (0xc0000005) at pc=0x00007ffcdc411bc5, pid=20384, tid=25384
#
# JRE version:  (19.0.2+7) (build )
# Java VM: Java HotSpot(TM) 64-Bit Server VM (19.0.2+7-44, mixed mode, sharing, tiered, unknown gc, windows-amd64)
# Problematic frame:
# C  [jimage.dll+0x1bc5]
#
# No core dump will be written. Minidumps are not enabled by default on client versions of Windows
#
#

---------------  S U M M A R Y ------------

Command Line: 

Host: Intel(R) Celeron(R) CPU 847 @ 1.10GHz, 2 cores, 3G,  Windows 10 , 64 bit Build 19041 (10.0.19041.2364)
Time: Sun Mar  5 23:41:22 2023 Hora estándar de Argentina elapsed time: 7.885458 seconds (0d 0h 0m 7s)

---------------  T H R E A D  ---------------

Current thread is native thread

Stack: [0x0000000753400000,0x0000000753500000],  sp=0x00000007534fd440,  free space=1013k
Native frames: (J=compiled Java code, j=interpreted, Vv=VM code, C=native code)
C  [jimage.dll+0x1bc5]


siginfo: EXCEPTION_ACCESS_VIOLATION (0xc0000005), reading address 0x000000000001141c


Registers:
RAX=0x0000000000004500, RBX=0x00000007534fd531, RCX=0x00007ffcdc416000, RDX=0x0000000000004500
RSP=0x00000007534fd440, RBP=0x00000007534fd530, RSI=0x000000000000734c, RDI=0x00000007534fd530
R8 =0x00007ffcdc414298, R9 =0x000000000000001c, R10=0x00007ffcdc480000, R11=0x00007ffcdc416000
R12=0x0000000000000000, R13=0x00000007534ff960, R14=0x00000007534fe5a0, R15=0x00007ffccb932788
RIP=0x00007ffcdc411bc5, EFLAGS=0x0000000000010246


Top of Stack: (sp=0x00000007534fd440)
0x00000007534fd440:   00007ffcdc418000 0000000000000000
0x00000007534fd450:   00007ffc01000020 00000007534fdc00
0x00000007534fd460:   000001fb62d6a910 00007ffcdc411d53
0x00000007534fd470:   000000000000000b 000001fb62d6a910
0x00000007534fd480:   0000000000000070 0000000000000000
0x00000007534fd490:   0000000000000000 0000000000000000
0x00000007534fd4a0:   0000000000000000 0000000000000000
0x00000007534fd4b0:   0000000000000000 0000000000000000
0x00000007534fd4c0:   0000000000000000 0000000000000000
0x00000007534fd4d0:   0000a7d016a23996 0000000000000000
0x00000007534fd4e0:   00007ffccb912690 0000000000000017
0x00000007534fd4f0:   000001fb62d6a910 00000007534fe5a0
0x00000007534fd500:   000000000000000b 00007ffcdc412619
0x00000007534fd510:   0000000000000002 0000000000000002
0x00000007534fd520:   0000c68e91120000 0000c68e911206e4
0x00000007534fd530:   61622e6176616a2f 692f6b646a2f6573 

Instructions: (pc=0x00007ffcdc411bc5)
0x00007ffcdc411ac5:   48 85 c9 74 1d 80 3d 3f 45 00 00 00 74 06 48 8b
0x00007ffcdc411ad5:   53 18 eb 04 48 8b 53 40 e8 96 0e 00 00 48 83 63
0x00007ffcdc411ae5:   48 00 8b 4b 0c 83 f9 ff 74 09 e8 cc 0c 00 00 83
0x00007ffcdc411af5:   4b 0c ff 48 8b 4b 70 48 85 c9 74 0f ba 10 00 00
0x00007ffcdc411b05:   00 e8 ed 0e 00 00 48 83 63 70 00 48 83 c4 20 5b
0x00007ffcdc411b15:   c3 cc cc 40 53 48 83 ec 20 48 8b d9 48 8d 0d f8
0x00007ffcdc411b25:   46 00 00 e8 9b 0c 00 00 83 6b 08 01 75 24 48 8b
0x00007ffcdc411b35:   d3 48 8d 0d db 44 00 00 e8 22 08 00 00 48 8b cb
0x00007ffcdc411b45:   e8 d6 fe ff ff ba 78 00 00 00 48 8b cb e8 a1 0e
0x00007ffcdc411b55:   00 00 48 8d 0d c2 46 00 00 48 83 c4 20 5b e9 68
0x00007ffcdc411b65:   0c 00 00 48 89 5c 24 08 48 89 74 24 10 57 48 83
0x00007ffcdc411b75:   ec 20 41 8b f1 4d 8b c8 48 8b fa 4c 8b d9 4d 85
0x00007ffcdc411b85:   c0 74 78 85 f6 74 74 44 8a 12 48 8d 5a 01 48 8b
0x00007ffcdc411b95:   d3 b8 93 01 00 01 eb 12 69 c0 93 01 00 01 41 0f
0x00007ffcdc411ba5:   b6 ca 44 8a 12 33 c1 48 ff c2 45 84 d2 75 e9 4d
0x00007ffcdc411bb5:   8b 03 0f ba f0 1f 33 d2 49 8b cb f7 f6 48 63 c2
0x00007ffcdc411bc5:   41 8b 14 81 41 ff 50 08 85 c0 7e 24 8a 0f eb 10
0x00007ffcdc411bd5:   69 c0 93 01 00 01 0f b6 c9 33 c1 8a 0b 48 ff c3
0x00007ffcdc411be5:   84 c9 75 ec 0f ba f0 1f 33 d2 f7 f6 8b c2 eb 0e
0x00007ffcdc411bf5:   79 09 83 c9 ff 2b c8 8b c1 eb 03 83 c8 ff 48 8b
0x00007ffcdc411c05:   5c 24 30 48 8b 74 24 38 48 83 c4 20 5f c3 cc 48
0x00007ffcdc411c15:   89 5c 24 08 48 89 74 24 10 57 48 83 ec 20 48 8b
0x00007ffcdc411c25:   f1 48 8d 0d f3 45 00 00 e8 96 0b 00 00 33 ff 39
0x00007ffcdc411c35:   3d de 43 00 00 76 24 48 8b 05 dd 43 00 00 48 8b
0x00007ffcdc411c45:   d6 48 8b 1c f8 48 8b 0b e8 68 1e 00 00 85 c0 74
0x00007ffcdc411c55:   2b ff c7 3b 3d ba 43 00 00 72 dc 33 db 48 8d 0d
0x00007ffcdc411c65:   b7 45 00 00 e8 62 0b 00 00 48 8b 74 24 38 48 8b
0x00007ffcdc411c75:   c3 48 8b 5c 24 30 48 83 c4 20 5f c3 ff 43 08 eb
0x00007ffcdc411c85:   dc cc cc 48 89 5c 24 08 48 89 74 24 10 57 48 83
0x00007ffcdc411c95:   ec 20 48 8b d9 48 8b f2 48 8b 49 10 49 8b f8 8b
0x00007ffcdc411ca5:   53 30 48 8b 01 ff 50 20 4c 8b 43 50 48 8b d6 48
0x00007ffcdc411cb5:   8b 4b 10 44 8b c8 e8 a8 fe ff ff 83 f8 ff 74 38 



---------------  P R O C E S S  ---------------

VM state: not at safepoint (not fully initialized)

VM Mutex/Monitor currently owned by a thread: None

GC Precious Log:
<Not initialized>


Dynamic libraries:
0x00007ff7d3f30000 - 0x00007ff7d3f40000 	C:\Program Files\Java\jdk-19\bin\java.exe
0x00007ffce3990000 - 0x00007ffce3b88000 	C:\Windows\SYSTEM32\ntdll.dll
0x00007ffce1c40000 - 0x00007ffce1cff000 	C:\Windows\System32\KERNEL32.DLL
0x00007ffce14d0000 - 0x00007ffce17a2000 	C:\Windows\System32\KERNELBASE.dll
0x00007ffce12c0000 - 0x00007ffce13c0000 	C:\Windows\System32\ucrtbase.dll
0x00007ffcd9680000 - 0x00007ffcd9698000 	C:\Program Files\Java\jdk-19\bin\jli.dll
0x00007ffce3090000 - 0x00007ffce313e000 	C:\Windows\System32\ADVAPI32.dll
0x00007ffce2f90000 - 0x00007ffce302e000 	C:\Windows\System32\msvcrt.dll
0x00007ffce3410000 - 0x00007ffce34ac000 	C:\Windows\System32\sechost.dll
0x00007ffce19d0000 - 0x00007ffce1af5000 	C:\Windows\System32\RPCRT4.dll
0x00007ffce1d00000 - 0x00007ffce1ea1000 	C:\Windows\System32\USER32.dll
0x00007ffce19a0000 - 0x00007ffce19c2000 	C:\Windows\System32\win32u.dll
0x00007ffce23d0000 - 0x00007ffce23fb000 	C:\Windows\System32\GDI32.dll
0x00007ffce13c0000 - 0x00007ffce14cf000 	C:\Windows\System32\gdi32full.dll
0x00007ffce1120000 - 0x00007ffce11bd000 	C:\Windows\System32\msvcp_win.dll
0x00007ffcdc480000 - 0x00007ffcdc49b000 	C:\Program Files\Java\jdk-19\bin\VCRUNTIME140.dll
0x00007ffcd0bd0000 - 0x00007ffcd0bda000 	C:\Windows\SYSTEM32\VERSION.dll
0x00007ffcca0b0000 - 0x00007ffcca34a000 	C:\Windows\WinSxS\amd64_microsoft.windows.common-controls_6595b64144ccf1df_6.0.19041.1110_none_60b5254171f9507e\COMCTL32.dll
0x00007ffce32f0000 - 0x00007ffce3322000 	C:\Windows\System32\IMM32.DLL
0x00007ffcdc530000 - 0x00007ffcdc53c000 	C:\Program Files\Java\jdk-19\bin\vcruntime140_1.dll
0x00007ffcc4250000 - 0x00007ffcc42de000 	C:\Program Files\Java\jdk-19\bin\msvcp140.dll
0x00007ffccafc0000 - 0x00007ffccbc80000 	C:\Program Files\Java\jdk-19\bin\server\jvm.dll
0x00007ffcc7930000 - 0x00007ffcc7957000 	C:\Windows\SYSTEM32\WINMM.dll
0x00007ffcdc540000 - 0x00007ffcdc549000 	C:\Windows\SYSTEM32\WSOCK32.dll
0x00007ffce2f20000 - 0x00007ffce2f8b000 	C:\Windows\System32\WS2_32.dll
0x00007ffcdc410000 - 0x00007ffcdc41a000 	C:\Program Files\Java\jdk-19\bin\jimage.dll

dbghelp: loading error: 1455
symbol engine: initialization error.

VM Arguments:
java_command: <unknown>
java_class_path (initial): <not set>
Launcher Type: SUN_STANDARD

[Global flags]
     bool UseLargePagesIndividualAllocation        = false                                  {pd product} {ergonomic}

Logging:
Log output configuration:
 #0: stdout all=warning uptime,level,tags foldmultilines=false
 #1: stderr all=off uptime,level,tags foldmultilines=false

Environment Variables:
JAVA_HOME=C:\Program Files\BellSoft\LibericaJDK-19\
PATH=C:\Program Files\Common Files\Oracle\Java\javapath;C:\Program Files (x86)\Common Files\Oracle\Java\javapath;C:\Program Files\OpenJDK\jdk-11.0.16.8-hotspot\bin;C:\Program Files\BellSoft\LibericaJDK-19\bin\;C:\Windows\system32;C:\Windows;C:\Windows\System32\Wbem;C:\Windows\System32\WindowsPowerShell\v1.0\;"C:\Windows\System32\OpenSSH\;C:\Program Files\BellSoft\LibericaJDK-19\bin";C:\Users\Alex\AppData\Local\Microsoft\WindowsApps;
USERNAME=Alex
OS=Windows_NT
PROCESSOR_IDENTIFIER=Intel64 Family 6 Model 42 Stepping 7, GenuineIntel
TMP=C:\Users\Alex\AppData\Local\Temp
TEMP=C:\Users\Alex\AppData\Local\Temp



---------------  S Y S T E M  ---------------

OS:
 Windows 10 , 64 bit Build 19041 (10.0.19041.2364)
OS uptime: 0 days 0:55 hours

CPU: total 2 (initial active 0) 

Memory: 4k page, system-wide physical 3909M (134M free)
TotalPageFile size 15685M (AvailPageFile size 636M)
current process WorkingSet (physical memory assigned to process): 5M, peak: 5M
current process commit charge ("private bytes"): 2M, peak: 2M

vm_info: Java HotSpot(TM) 64-Bit Server VM (19.0.2+7-44) for windows-amd64 JRE (19.0.2+7-44), built on 2022-11-30T18:02:09Z by "mach5one" with MS VC++ 17.1 (VS2022)

END.
